<?xml version="1.0" encoding="UTF-8"?>
<!-- Generated by org.testng.reporters.JUnitXMLReporter -->
<testsuite ignored="0" hostname="DESKTOP-EKH1QUK" failures="1" tests="3" name="Test" time="13.482" errors="0" timestamp="2023-04-04T22:32:47 CDT">
  <testcase classname="com.testscenarios.Testng" name="searchoperation" time="3.851"/>
  <testcase classname="com.testscenarios.Testng" name="verifyAndAcessFacebook" time="0.998"/>
  <testcase classname="com.testscenarios.Testng" name="verifyFacebooklogin" time="3.955">
    <failure type="java.lang.AssertionError" message="expected [Facebook - log in or sign up] but found []">
      <![CDATA[java.lang.AssertionError: expected [Facebook - log in or sign up] but found []
at com.objects.Facebooklogin.verifylogin(Facebooklogin.java:28)
at com.testscenarios.Testng.verifyFacebooklogin(Testng.java:50)
at java.base/java.util.ArrayList.forEach(ArrayList.java:1511)
... Removed 31 stack frames]]>
    </failure>
  </testcase> <!-- verifyFacebooklogin -->
</testsuite> <!-- Test -->
